Mar 02, 2025 10:39:49 AM net.sourceforge.tessboxeditor.TessTrainer generateTraineddata
INFO: Run Tesseract for Training
Mar 02, 2025 10:39:49 AM net.sourceforge.tessboxeditor.TessTrainer runCommand
INFO: Command: [F:\OneDrive\GitHub\Text Detection Tesseract_JTessBox\JTessBox\tesseract-ocr/tesseract, eng.exocet.exp0.tif, eng.exocet.exp0, box.train]
Mar 02, 2025 10:39:50 AM net.sourceforge.tessboxeditor.TessTrainer runCommand
INFO: Exit value = 0
Mar 02, 2025 10:39:50 AM net.sourceforge.tessboxeditor.TessTrainer generateTraineddata
INFO: Compute Character Set
Mar 02, 2025 10:39:50 AM net.sourceforge.tessboxeditor.TessTrainer runCommand
INFO: Command: [F:\OneDrive\GitHub\Text Detection Tesseract_JTessBox\JTessBox\tesseract-ocr/unicharset_extractor, eng.exocet.exp0.box]
Mar 02, 2025 10:39:50 AM net.sourceforge.tessboxeditor.TessTrainer runCommand
INFO: Exit value = 0
Mar 02, 2025 10:39:50 AM net.sourceforge.tessboxeditor.TessTrainer generateTraineddata
INFO: Set Character Set Properties
Mar 02, 2025 10:39:50 AM net.sourceforge.tessboxeditor.TessTrainer runCommand
INFO: Command: [F:\OneDrive\GitHub\Text Detection Tesseract_JTessBox\JTessBox\tesseract-ocr/set_unicharset_properties, -U, unicharset, -O, unicharset, --script_dir=F:\OneDrive\GitHub\Text, Detection, Tesseract_JTessBox\Tesseract\Training]
Mar 02, 2025 10:39:50 AM net.sourceforge.tessboxeditor.TessTrainer runCommand
INFO: Exit value = 0
Mar 02, 2025 10:39:50 AM net.sourceforge.tessboxeditor.TessTrainer runShapeClustering
INFO: Shape Clustering
Mar 02, 2025 10:39:50 AM net.sourceforge.tessboxeditor.TessTrainer runCommand
INFO: Command: [F:\OneDrive\GitHub\Text Detection Tesseract_JTessBox\JTessBox\tesseract-ocr/shapeclustering, -F, eng.font_properties, -U, unicharset, eng.exocet.exp0.tr]
Mar 02, 2025 10:39:50 AM net.sourceforge.tessboxeditor.TessTrainer runCommand
INFO: Exit value = 0
Mar 02, 2025 10:39:50 AM net.sourceforge.tessboxeditor.TessTrainer runShapeClustering
INFO: MF Training
Mar 02, 2025 10:39:50 AM net.sourceforge.tessboxeditor.TessTrainer runCommand
INFO: Command: [F:\OneDrive\GitHub\Text Detection Tesseract_JTessBox\JTessBox\tesseract-ocr/mftraining, -F, eng.font_properties, -U, unicharset, -O, eng.unicharset, eng.exocet.exp0.tr]
Mar 02, 2025 10:39:50 AM net.sourceforge.tessboxeditor.TessTrainer runCommand
INFO: Exit value = 0
Mar 02, 2025 10:39:50 AM net.sourceforge.tessboxeditor.TessTrainer runShapeClustering
INFO: CN Training
Mar 02, 2025 10:39:50 AM net.sourceforge.tessboxeditor.TessTrainer runCommand
INFO: Command: [F:\OneDrive\GitHub\Text Detection Tesseract_JTessBox\JTessBox\tesseract-ocr/cntraining, eng.exocet.exp0.tr]
Mar 02, 2025 10:39:50 AM net.sourceforge.tessboxeditor.TessTrainer runCommand
INFO: Exit value = 0
Mar 02, 2025 10:39:50 AM net.sourceforge.tessboxeditor.TessTrainer runShapeClustering
INFO: Rename files
Mar 02, 2025 10:39:50 AM net.sourceforge.tessboxeditor.TessTrainer runDictionary
INFO: Dictionary Data
Mar 02, 2025 10:39:50 AM net.sourceforge.tessboxeditor.TessTrainer runCommand
INFO: Command: [F:\OneDrive\GitHub\Text Detection Tesseract_JTessBox\JTessBox\tesseract-ocr/wordlist2dawg, eng.frequent_words_list, eng.freq-dawg, eng.unicharset]
Mar 02, 2025 10:39:50 AM net.sourceforge.tessboxeditor.TessTrainer runCommand
INFO: Exit value = 0
Mar 02, 2025 10:39:50 AM net.sourceforge.tessboxeditor.TessTrainer runCommand
INFO: Command: [F:\OneDrive\GitHub\Text Detection Tesseract_JTessBox\JTessBox\tesseract-ocr/wordlist2dawg, eng.words_list, eng.word-dawg, eng.unicharset]
Mar 02, 2025 10:39:50 AM net.sourceforge.tessboxeditor.TessTrainer runCommand
INFO: Exit value = 0
Mar 02, 2025 10:39:50 AM net.sourceforge.tessboxeditor.TessTrainer runDictionary
INFO: Combine Data Files
Mar 02, 2025 10:39:50 AM net.sourceforge.tessboxeditor.TessTrainer runCommand
INFO: Command: [F:\OneDrive\GitHub\Text Detection Tesseract_JTessBox\JTessBox\tesseract-ocr/combine_tessdata, eng.]
Mar 02, 2025 10:39:50 AM net.sourceforge.tessboxeditor.TessTrainer runCommand
INFO: Exit value = 0
Mar 02, 2025 10:39:50 AM net.sourceforge.tessboxeditor.TessTrainer runDictionary
INFO: Moving generated traineddata file to tessdata folder
Mar 02, 2025 10:39:50 AM net.sourceforge.tessboxeditor.TessTrainer runDictionary
INFO: Training Completed
Mar 02, 2025 10:40:54 AM net.sourceforge.tessboxeditor.TessTrainer runDictionary
INFO: Dictionary Data
Mar 02, 2025 10:40:54 AM net.sourceforge.tessboxeditor.TessTrainer runCommand
INFO: Command: [F:\OneDrive\GitHub\Text Detection Tesseract_JTessBox\JTessBox\tesseract-ocr/wordlist2dawg, eng.frequent_words_list, eng.freq-dawg, eng.unicharset]
Mar 02, 2025 10:40:54 AM net.sourceforge.tessboxeditor.TessTrainer runCommand
INFO: Exit value = 0
Mar 02, 2025 10:40:54 AM net.sourceforge.tessboxeditor.TessTrainer runCommand
INFO: Command: [F:\OneDrive\GitHub\Text Detection Tesseract_JTessBox\JTessBox\tesseract-ocr/wordlist2dawg, eng.words_list, eng.word-dawg, eng.unicharset]
Mar 02, 2025 10:40:54 AM net.sourceforge.tessboxeditor.TessTrainer runCommand
INFO: Exit value = 0
Mar 02, 2025 10:40:54 AM net.sourceforge.tessboxeditor.TessTrainer runDictionary
INFO: Combine Data Files
Mar 02, 2025 10:40:54 AM net.sourceforge.tessboxeditor.TessTrainer runCommand
INFO: Command: [F:\OneDrive\GitHub\Text Detection Tesseract_JTessBox\JTessBox\tesseract-ocr/combine_tessdata, eng.]
Mar 02, 2025 10:40:54 AM net.sourceforge.tessboxeditor.TessTrainer runCommand
INFO: Exit value = 0
Mar 02, 2025 10:40:54 AM net.sourceforge.tessboxeditor.TessTrainer runDictionary
INFO: Moving generated traineddata file to tessdata folder
Mar 02, 2025 10:40:54 AM net.sourceforge.tessboxeditor.TessTrainer runDictionary
INFO: Training Completed
Mar 02, 2025 10:54:43 AM net.sourceforge.tessboxeditor.TessTrainer runDictionary
INFO: Dictionary Data
Mar 02, 2025 10:54:43 AM net.sourceforge.tessboxeditor.TessTrainer runCommand
INFO: Command: [F:\OneDrive\GitHub\Text Detection Tesseract_JTessBox\JTessBox\tesseract-ocr/wordlist2dawg, eng.frequent_words_list, eng.freq-dawg, eng.unicharset]
Mar 02, 2025 10:54:43 AM net.sourceforge.tessboxeditor.TessTrainer runCommand
INFO: Exit value = 0
Mar 02, 2025 10:54:43 AM net.sourceforge.tessboxeditor.TessTrainer runCommand
INFO: Command: [F:\OneDrive\GitHub\Text Detection Tesseract_JTessBox\JTessBox\tesseract-ocr/wordlist2dawg, eng.words_list, eng.word-dawg, eng.unicharset]
Mar 02, 2025 10:54:43 AM net.sourceforge.tessboxeditor.TessTrainer runCommand
INFO: Exit value = 0
Mar 02, 2025 10:54:43 AM net.sourceforge.tessboxeditor.TessTrainer runDictionary
INFO: Combine Data Files
Mar 02, 2025 10:54:43 AM net.sourceforge.tessboxeditor.TessTrainer runCommand
INFO: Command: [F:\OneDrive\GitHub\Text Detection Tesseract_JTessBox\JTessBox\tesseract-ocr/combine_tessdata, eng.]
Mar 02, 2025 10:54:43 AM net.sourceforge.tessboxeditor.TessTrainer runCommand
INFO: Exit value = 0
Mar 02, 2025 10:54:43 AM net.sourceforge.tessboxeditor.TessTrainer runDictionary
INFO: Moving generated traineddata file to tessdata folder
Mar 02, 2025 10:54:43 AM net.sourceforge.tessboxeditor.TessTrainer runDictionary
INFO: Training Completed
